<!DOCTYPE html PUBLIC "-//W3C//DTD XHTML 1.1//EN" "https://www.w3.org/TR/xhtml11/DTD/xhtml11.dtd">
<html xmlns="https://www.w3.org/1999/xhtml">
<head>
<meta http-equiv="content-type" content="text/html; charset=UTF-8"/>
<title>TestNG Report</title>
<style type="text/css">table {margin-bottom:10px;border-collapse:collapse;empty-cells:show}th,td {border:1px solid #009;padding:.25em .5em}th {vertical-align:bottom}td {vertical-align:top}table a {font-weight:bold}.stripe td {background-color: #E6EBF9}.num {text-align:right}.passedodd td {background-color: #3F3}.passedeven td {background-color: #0A0}.skippedodd td {background-color: #DDD}.skippedeven td {background-color: #CCC}.failedodd td,.attn {background-color: #F33}.failedeven td,.stripe .attn {background-color: #D00}.stacktrace {white-space:pre;font-family:monospace}.totop {font-size:85%;text-align:center;border-bottom:2px solid #000}.invisible {display:none}</style>
</head>
<body>
<table>
<tr><th>Test</th><th># Passed</th><th># Skipped</th><th># Retried</th><th># Failed</th><th>Time (ms)</th><th>Included Groups</th><th>Excluded Groups</th></tr>
<tr><th colspan="8">testsuite</th></tr>
<tr><td><a href="#t0">Login Test</a></td><td class="num">1</td><td class="num">0</td><td class="num">0</td><td class="num attn">4</td><td class="num">54,178</td><td></td><td></td></tr>
</table>
<table id='summary'><thead><tr><th>Class</th><th>Method</th><th>Start</th><th>Time (ms)</th></tr></thead><tbody><tr><th colspan="4">testsuite</th></tr></tbody><tbody id="t0"><tr><th colspan="4">Login Test &#8212; failed</th></tr><tr class="failedeven"><td rowspan="4">com.bank.testsuite.BankTest</td><td><a href="#m0">bankManagerShouldOpenAccountSuccessfully</a></td><td rowspan="1">1670885770277</td><td rowspan="1">2083</td></tr><tr class="failedeven"><td><a href="#m1">customerShouldDepositMoneySuccessfully</a></td><td rowspan="1">1670885777390</td><td rowspan="1">2010</td></tr><tr class="failedeven"><td><a href="#m2">customerShouldLoginAndLogoutSuceessfully</a></td><td rowspan="1">1670885788940</td><td rowspan="1">2072</td></tr><tr class="failedeven"><td><a href="#m3">customerShouldWithdrawMoneySuccessfully</a></td><td rowspan="1">1670885795683</td><td rowspan="1">1984</td></tr><tr><th colspan="4">Login Test &#8212; passed</th></tr><tr class="passedeven"><td rowspan="1">com.bank.testsuite.BankTest</td><td><a href="#m4">bankManagerShouldAddCustomerSuccessfully</a></td><td rowspan="1">1670885763983</td><td rowspan="1">2142</td></tr></tbody>
</table>
<h2>Login Test</h2><h3 id="m0">com.bank.testsuite.BankTest#bankManagerShouldOpenAccountSuccessfully</h3><table class="result"><tr><th>Messages</th></tr><tr><td><div class="messages">clickOnAddCustomer[[ChromeDriver: chrome on WINDOWS (12423aa82e89f33199151e538f52ee01)] -> xpath: //body/div[3]/div[1]/div[2]/div[1]/div[1]/button[1]]<br/>enterFirstName [[ChromeDriver: chrome on WINDOWS (12423aa82e89f33199151e538f52ee01)] -> xpath: //input[@placeholder='First Name']]<br/>enterLastName [[ChromeDriver: chrome on WINDOWS (12423aa82e89f33199151e538f52ee01)] -> xpath: //input[@placeholder='Last Name']]<br/>enterPostCode [[ChromeDriver: chrome on WINDOWS (12423aa82e89f33199151e538f52ee01)] -> xpath: //input[@placeholder='Post Code']]<br/>clickOnAddCustomerButton [[ChromeDriver: chrome on WINDOWS (12423aa82e89f33199151e538f52ee01)] -> xpath: //button[@type='submit']]<br/>Click On Home Button[[ChromeDriver: chrome on WINDOWS (12423aa82e89f33199151e538f52ee01)] -> xpath: //button[contains(text(),'Home')]]</div></td></tr><tr><th>Exception</th></tr><tr><td><div class="stacktrace">org.openqa.selenium.StaleElementReferenceException: stale element reference: element is not attached to the page document
  (Session info: chrome=108.0.5359.99)
For documentation on this error, please visit: https://selenium.dev/exceptions/#stale_element_reference
Build info: version: &apos;4.6.0&apos;, revision: &apos;79f1c02ae20&apos;
System info: os.name: &apos;Windows 10&apos;, os.arch: &apos;amd64&apos;, os.version: &apos;10.0&apos;, java.version: &apos;1.8.0_121&apos;
Driver info: org.openqa.selenium.chrome.ChromeDriver
Command: [12423aa82e89f33199151e538f52ee01, clickElement {id=dd03989d-6460-4bce-8fd5-fe33424a5257}]
Capabilities {acceptInsecureCerts: false, browserName: chrome, browserVersion: 108.0.5359.99, chrome: {chromedriverVersion: 108.0.5359.71 (1e0e3868ee06..., userDataDir: C:\Users\Rx_bh\AppData\Loca...}, goog:chromeOptions: {debuggerAddress: localhost:63169}, networkConnectionEnabled: false, pageLoadStrategy: normal, platformName: WINDOWS, proxy: Proxy(), se:cdp: ws://localhost:63169/devtoo..., se:cdpVersion: 108.0.5359.99, setWindowRect: true, strictFileInteractability: false, timeouts: {implicit: 0, pageLoad: 300000, script: 30000}, unhandledPromptBehavior: dismiss and notify, webauthn:extension:credBlob: true, webauthn:extension:largeBlob: true, webauthn:virtualAuthenticators: true}
Element: [[ChromeDriver: chrome on WINDOWS (12423aa82e89f33199151e538f52ee01)] -&gt; xpath: //button[contains(text(),&apos;Bank Manager Login&apos;)]]
Session ID: 12423aa82e89f33199151e538f52ee01
	at org.openqa.selenium.remote.codec.w3c.W3CHttpResponseCodec.createException(W3CHttpResponseCodec.java:200)
	at org.openqa.selenium.remote.codec.w3c.W3CHttpResponseCodec.decode(W3CHttpResponseCodec.java:133)
	at org.openqa.selenium.remote.codec.w3c.W3CHttpResponseCodec.decode(W3CHttpResponseCodec.java:53)
	at org.openqa.selenium.remote.HttpCommandExecutor.execute(HttpCommandExecutor.java:184)
	at org.openqa.selenium.remote.service.DriverCommandExecutor.invokeExecute(DriverCommandExecutor.java:167)
	at org.openqa.selenium.remote.service.DriverCommandExecutor.execute(DriverCommandExecutor.java:142)
	at org.openqa.selenium.remote.RemoteWebDriver.execute(RemoteWebDriver.java:541)
	at org.openqa.selenium.remote.RemoteWebElement.execute(RemoteWebElement.java:257)
	at org.openqa.selenium.remote.RemoteWebElement.click(RemoteWebElement.java:78)
	at org.openqa.selenium.support.pagefactory.internal.LocatingElementHandler.invoke(LocatingElementHandler.java:52)
	at com.sun.proxy.$Proxy15.click(Unknown Source)
	at com.bank.utility.Utility.clickOnElement(Utility.java:50)
	at com.bank.pages.HomePage.clickOnBankManagerLogin(HomePage.java:31)
	at com.bank.testsuite.BankTest.bankManagerShouldOpenAccountSuccessfully(BankTest.java:67)
	at java.util.ArrayList.forEach(ArrayList.java:1249)
	at com.intellij.rt.testng.IDEARemoteTestNG.run(IDEARemoteTestNG.java:66)
	at com.intellij.rt.testng.RemoteTestNGStarter.main(RemoteTestNGStarter.java:109)
... Removed 32 stack frames</div></td></tr></table><p class="totop"><a href="#summary">back to summary</a></p>
<h3 id="m1">com.bank.testsuite.BankTest#customerShouldDepositMoneySuccessfully</h3><table class="result"><tr><th>Messages</th></tr><tr><td><div class="messages">clickOnAddCustomer[[ChromeDriver: chrome on WINDOWS (8041728e247f8af61ade9f6ed7051fc5)] -> xpath: //body/div[3]/div[1]/div[2]/div[1]/div[1]/button[1]]<br/>enterFirstName [[ChromeDriver: chrome on WINDOWS (8041728e247f8af61ade9f6ed7051fc5)] -> xpath: //input[@placeholder='First Name']]<br/>enterLastName [[ChromeDriver: chrome on WINDOWS (8041728e247f8af61ade9f6ed7051fc5)] -> xpath: //input[@placeholder='Last Name']]<br/>enterPostCode [[ChromeDriver: chrome on WINDOWS (8041728e247f8af61ade9f6ed7051fc5)] -> xpath: //input[@placeholder='Post Code']]<br/>clickOnAddCustomerButton [[ChromeDriver: chrome on WINDOWS (8041728e247f8af61ade9f6ed7051fc5)] -> xpath: //button[@type='submit']]<br/>Click On Home Button[[ChromeDriver: chrome on WINDOWS (8041728e247f8af61ade9f6ed7051fc5)] -> xpath: //button[contains(text(),'Home')]]</div></td></tr><tr><th>Exception</th></tr><tr><td><div class="stacktrace">org.openqa.selenium.StaleElementReferenceException: stale element reference: element is not attached to the page document
  (Session info: chrome=108.0.5359.99)
For documentation on this error, please visit: https://selenium.dev/exceptions/#stale_element_reference
Build info: version: &apos;4.6.0&apos;, revision: &apos;79f1c02ae20&apos;
System info: os.name: &apos;Windows 10&apos;, os.arch: &apos;amd64&apos;, os.version: &apos;10.0&apos;, java.version: &apos;1.8.0_121&apos;
Driver info: org.openqa.selenium.chrome.ChromeDriver
Command: [8041728e247f8af61ade9f6ed7051fc5, clickElement {id=3ead3630-89e9-414f-9828-8da928d01163}]
Capabilities {acceptInsecureCerts: false, browserName: chrome, browserVersion: 108.0.5359.99, chrome: {chromedriverVersion: 108.0.5359.71 (1e0e3868ee06..., userDataDir: C:\Users\Rx_bh\AppData\Loca...}, goog:chromeOptions: {debuggerAddress: localhost:63198}, networkConnectionEnabled: false, pageLoadStrategy: normal, platformName: WINDOWS, proxy: Proxy(), se:cdp: ws://localhost:63198/devtoo..., se:cdpVersion: 108.0.5359.99, setWindowRect: true, strictFileInteractability: false, timeouts: {implicit: 0, pageLoad: 300000, script: 30000}, unhandledPromptBehavior: dismiss and notify, webauthn:extension:credBlob: true, webauthn:extension:largeBlob: true, webauthn:virtualAuthenticators: true}
Element: [[ChromeDriver: chrome on WINDOWS (8041728e247f8af61ade9f6ed7051fc5)] -&gt; xpath: //button[contains(text(),&apos;Bank Manager Login&apos;)]]
Session ID: 8041728e247f8af61ade9f6ed7051fc5
	at org.openqa.selenium.remote.codec.w3c.W3CHttpResponseCodec.createException(W3CHttpResponseCodec.java:200)
	at org.openqa.selenium.remote.codec.w3c.W3CHttpResponseCodec.decode(W3CHttpResponseCodec.java:133)
	at org.openqa.selenium.remote.codec.w3c.W3CHttpResponseCodec.decode(W3CHttpResponseCodec.java:53)
	at org.openqa.selenium.remote.HttpCommandExecutor.execute(HttpCommandExecutor.java:184)
	at org.openqa.selenium.remote.service.DriverCommandExecutor.invokeExecute(DriverCommandExecutor.java:167)
	at org.openqa.selenium.remote.service.DriverCommandExecutor.execute(DriverCommandExecutor.java:142)
	at org.openqa.selenium.remote.RemoteWebDriver.execute(RemoteWebDriver.java:541)
	at org.openqa.selenium.remote.RemoteWebElement.execute(RemoteWebElement.java:257)
	at org.openqa.selenium.remote.RemoteWebElement.click(RemoteWebElement.java:78)
	at org.openqa.selenium.support.pagefactory.internal.LocatingElementHandler.invoke(LocatingElementHandler.java:52)
	at com.sun.proxy.$Proxy15.click(Unknown Source)
	at com.bank.utility.Utility.clickOnElement(Utility.java:50)
	at com.bank.pages.HomePage.clickOnBankManagerLogin(HomePage.java:31)
	at com.bank.testsuite.BankTest.customerShouldDepositMoneySuccessfully(BankTest.java:116)
	at java.util.ArrayList.forEach(ArrayList.java:1249)
	at com.intellij.rt.testng.IDEARemoteTestNG.run(IDEARemoteTestNG.java:66)
	at com.intellij.rt.testng.RemoteTestNGStarter.main(RemoteTestNGStarter.java:109)
... Removed 32 stack frames</div></td></tr></table><p class="totop"><a href="#summary">back to summary</a></p>
<h3 id="m2">com.bank.testsuite.BankTest#customerShouldLoginAndLogoutSuceessfully</h3><table class="result"><tr><th>Messages</th></tr><tr><td><div class="messages">clickOnAddCustomer[[ChromeDriver: chrome on WINDOWS (2e01936ffe6e73f0d90730013a9c7ec5)] -> xpath: //body/div[3]/div[1]/div[2]/div[1]/div[1]/button[1]]<br/>enterFirstName [[ChromeDriver: chrome on WINDOWS (2e01936ffe6e73f0d90730013a9c7ec5)] -> xpath: //input[@placeholder='First Name']]<br/>enterLastName [[ChromeDriver: chrome on WINDOWS (2e01936ffe6e73f0d90730013a9c7ec5)] -> xpath: //input[@placeholder='Last Name']]<br/>enterPostCode [[ChromeDriver: chrome on WINDOWS (2e01936ffe6e73f0d90730013a9c7ec5)] -> xpath: //input[@placeholder='Post Code']]<br/>clickOnAddCustomerButton [[ChromeDriver: chrome on WINDOWS (2e01936ffe6e73f0d90730013a9c7ec5)] -> xpath: //button[@type='submit']]<br/>Click On Home Button[[ChromeDriver: chrome on WINDOWS (2e01936ffe6e73f0d90730013a9c7ec5)] -> xpath: //button[contains(text(),'Home')]]</div></td></tr><tr><th>Exception</th></tr><tr><td><div class="stacktrace">org.openqa.selenium.StaleElementReferenceException: stale element reference: element is not attached to the page document
  (Session info: chrome=108.0.5359.99)
For documentation on this error, please visit: https://selenium.dev/exceptions/#stale_element_reference
Build info: version: &apos;4.6.0&apos;, revision: &apos;79f1c02ae20&apos;
System info: os.name: &apos;Windows 10&apos;, os.arch: &apos;amd64&apos;, os.version: &apos;10.0&apos;, java.version: &apos;1.8.0_121&apos;
Driver info: org.openqa.selenium.chrome.ChromeDriver
Command: [2e01936ffe6e73f0d90730013a9c7ec5, clickElement {id=f3eb1682-632f-4a64-8ff2-9f52cd6bc139}]
Capabilities {acceptInsecureCerts: false, browserName: chrome, browserVersion: 108.0.5359.99, chrome: {chromedriverVersion: 108.0.5359.71 (1e0e3868ee06..., userDataDir: C:\Users\Rx_bh\AppData\Loca...}, goog:chromeOptions: {debuggerAddress: localhost:63228}, networkConnectionEnabled: false, pageLoadStrategy: normal, platformName: WINDOWS, proxy: Proxy(), se:cdp: ws://localhost:63228/devtoo..., se:cdpVersion: 108.0.5359.99, setWindowRect: true, strictFileInteractability: false, timeouts: {implicit: 0, pageLoad: 300000, script: 30000}, unhandledPromptBehavior: dismiss and notify, webauthn:extension:credBlob: true, webauthn:extension:largeBlob: true, webauthn:virtualAuthenticators: true}
Element: [[ChromeDriver: chrome on WINDOWS (2e01936ffe6e73f0d90730013a9c7ec5)] -&gt; xpath: //button[contains(text(),&apos;Bank Manager Login&apos;)]]
Session ID: 2e01936ffe6e73f0d90730013a9c7ec5
	at org.openqa.selenium.remote.codec.w3c.W3CHttpResponseCodec.createException(W3CHttpResponseCodec.java:200)
	at org.openqa.selenium.remote.codec.w3c.W3CHttpResponseCodec.decode(W3CHttpResponseCodec.java:133)
	at org.openqa.selenium.remote.codec.w3c.W3CHttpResponseCodec.decode(W3CHttpResponseCodec.java:53)
	at org.openqa.selenium.remote.HttpCommandExecutor.execute(HttpCommandExecutor.java:184)
	at org.openqa.selenium.remote.service.DriverCommandExecutor.invokeExecute(DriverCommandExecutor.java:167)
	at org.openqa.selenium.remote.service.DriverCommandExecutor.execute(DriverCommandExecutor.java:142)
	at org.openqa.selenium.remote.RemoteWebDriver.execute(RemoteWebDriver.java:541)
	at org.openqa.selenium.remote.RemoteWebElement.execute(RemoteWebElement.java:257)
	at org.openqa.selenium.remote.RemoteWebElement.click(RemoteWebElement.java:78)
	at org.openqa.selenium.support.pagefactory.internal.LocatingElementHandler.invoke(LocatingElementHandler.java:52)
	at com.sun.proxy.$Proxy15.click(Unknown Source)
	at com.bank.utility.Utility.clickOnElement(Utility.java:50)
	at com.bank.pages.HomePage.clickOnBankManagerLogin(HomePage.java:31)
	at com.bank.testsuite.BankTest.customerShouldLoginAndLogoutSuceessfully(BankTest.java:88)
	at java.util.ArrayList.forEach(ArrayList.java:1249)
	at com.intellij.rt.testng.IDEARemoteTestNG.run(IDEARemoteTestNG.java:66)
	at com.intellij.rt.testng.RemoteTestNGStarter.main(RemoteTestNGStarter.java:109)
... Removed 31 stack frames</div></td></tr></table><p class="totop"><a href="#summary">back to summary</a></p>
<h3 id="m3">com.bank.testsuite.BankTest#customerShouldWithdrawMoneySuccessfully</h3><table class="result"><tr><th>Messages</th></tr><tr><td><div class="messages">clickOnAddCustomer[[ChromeDriver: chrome on WINDOWS (d69b11698f86679b88ad8798ff89ee85)] -> xpath: //body/div[3]/div[1]/div[2]/div[1]/div[1]/button[1]]<br/>enterFirstName [[ChromeDriver: chrome on WINDOWS (d69b11698f86679b88ad8798ff89ee85)] -> xpath: //input[@placeholder='First Name']]<br/>enterLastName [[ChromeDriver: chrome on WINDOWS (d69b11698f86679b88ad8798ff89ee85)] -> xpath: //input[@placeholder='Last Name']]<br/>enterPostCode [[ChromeDriver: chrome on WINDOWS (d69b11698f86679b88ad8798ff89ee85)] -> xpath: //input[@placeholder='Post Code']]<br/>clickOnAddCustomerButton [[ChromeDriver: chrome on WINDOWS (d69b11698f86679b88ad8798ff89ee85)] -> xpath: //button[@type='submit']]<br/>Click On Home Button[[ChromeDriver: chrome on WINDOWS (d69b11698f86679b88ad8798ff89ee85)] -> xpath: //button[contains(text(),'Home')]]</div></td></tr><tr><th>Exception</th></tr><tr><td><div class="stacktrace">org.openqa.selenium.StaleElementReferenceException: stale element reference: element is not attached to the page document
  (Session info: chrome=108.0.5359.99)
For documentation on this error, please visit: https://selenium.dev/exceptions/#stale_element_reference
Build info: version: &apos;4.6.0&apos;, revision: &apos;79f1c02ae20&apos;
System info: os.name: &apos;Windows 10&apos;, os.arch: &apos;amd64&apos;, os.version: &apos;10.0&apos;, java.version: &apos;1.8.0_121&apos;
Driver info: org.openqa.selenium.chrome.ChromeDriver
Command: [d69b11698f86679b88ad8798ff89ee85, clickElement {id=3f458b6b-9ca7-4050-9fdf-04999ed71ef3}]
Capabilities {acceptInsecureCerts: false, browserName: chrome, browserVersion: 108.0.5359.99, chrome: {chromedriverVersion: 108.0.5359.71 (1e0e3868ee06..., userDataDir: C:\Users\Rx_bh\AppData\Loca...}, goog:chromeOptions: {debuggerAddress: localhost:63259}, networkConnectionEnabled: false, pageLoadStrategy: normal, platformName: WINDOWS, proxy: Proxy(), se:cdp: ws://localhost:63259/devtoo..., se:cdpVersion: 108.0.5359.99, setWindowRect: true, strictFileInteractability: false, timeouts: {implicit: 0, pageLoad: 300000, script: 30000}, unhandledPromptBehavior: dismiss and notify, webauthn:extension:credBlob: true, webauthn:extension:largeBlob: true, webauthn:virtualAuthenticators: true}
Element: [[ChromeDriver: chrome on WINDOWS (d69b11698f86679b88ad8798ff89ee85)] -&gt; xpath: //button[contains(text(),&apos;Bank Manager Login&apos;)]]
Session ID: d69b11698f86679b88ad8798ff89ee85
	at org.openqa.selenium.remote.codec.w3c.W3CHttpResponseCodec.createException(W3CHttpResponseCodec.java:200)
	at org.openqa.selenium.remote.codec.w3c.W3CHttpResponseCodec.decode(W3CHttpResponseCodec.java:133)
	at org.openqa.selenium.remote.codec.w3c.W3CHttpResponseCodec.decode(W3CHttpResponseCodec.java:53)
	at org.openqa.selenium.remote.HttpCommandExecutor.execute(HttpCommandExecutor.java:184)
	at org.openqa.selenium.remote.service.DriverCommandExecutor.invokeExecute(DriverCommandExecutor.java:167)
	at org.openqa.selenium.remote.service.DriverCommandExecutor.execute(DriverCommandExecutor.java:142)
	at org.openqa.selenium.remote.RemoteWebDriver.execute(RemoteWebDriver.java:541)
	at org.openqa.selenium.remote.RemoteWebElement.execute(RemoteWebElement.java:257)
	at org.openqa.selenium.remote.RemoteWebElement.click(RemoteWebElement.java:78)
	at org.openqa.selenium.support.pagefactory.internal.LocatingElementHandler.invoke(LocatingElementHandler.java:52)
	at com.sun.proxy.$Proxy15.click(Unknown Source)
	at com.bank.utility.Utility.clickOnElement(Utility.java:50)
	at com.bank.pages.HomePage.clickOnBankManagerLogin(HomePage.java:31)
	at com.bank.testsuite.BankTest.customerShouldWithdrawMoneySuccessfully(BankTest.java:153)
	at java.util.ArrayList.forEach(ArrayList.java:1249)
	at com.intellij.rt.testng.IDEARemoteTestNG.run(IDEARemoteTestNG.java:66)
	at com.intellij.rt.testng.RemoteTestNGStarter.main(RemoteTestNGStarter.java:109)
... Removed 31 stack frames</div></td></tr></table><p class="totop"><a href="#summary">back to summary</a></p>
<h3 id="m4">com.bank.testsuite.BankTest#bankManagerShouldAddCustomerSuccessfully</h3><table class="result"><tr><th>Messages</th></tr><tr><td><div class="messages">clickOnAddCustomer[[ChromeDriver: chrome on WINDOWS (57646109cf995fa9aee818177418e183)] -> xpath: //body/div[3]/div[1]/div[2]/div[1]/div[1]/button[1]]<br/>enterFirstName [[ChromeDriver: chrome on WINDOWS (57646109cf995fa9aee818177418e183)] -> xpath: //input[@placeholder='First Name']]<br/>enterLastName [[ChromeDriver: chrome on WINDOWS (57646109cf995fa9aee818177418e183)] -> xpath: //input[@placeholder='Last Name']]<br/>enterPostCode [[ChromeDriver: chrome on WINDOWS (57646109cf995fa9aee818177418e183)] -> xpath: //input[@placeholder='Post Code']]<br/>clickOnAddCustomerButton [[ChromeDriver: chrome on WINDOWS (57646109cf995fa9aee818177418e183)] -> xpath: //button[@type='submit']]<br/>Click On Home Button[[ChromeDriver: chrome on WINDOWS (57646109cf995fa9aee818177418e183)] -> xpath: //button[contains(text(),'Home')]]</div></td></tr></table><p class="totop"><a href="#summary">back to summary</a></p>
</body>
</html>
